proje1                                                                                                                  PAGE 1
                         1
                         2     START:
0000 7800                3     MOV R0,#0
0002 7900                4     MOV R1,#0
0004 7A00                5     MOV R2,#0
0006 7B00                6     MOV R3,#0
0008 7C00                7     MOV R4,#0
                         8
000A 120068              9     LCALL CONFIGURE_LCD
000D 120097             10     LCALL DELAY
0010 743A               11     MOV A,#':'
0012 12008A             12     LCALL SEND_DATA
0015 120068             13     LCALL CONFIGURE_LCD
                        14
                        15     ;R0 -> ( SAYISI,
                        16     ;R1 -> ) SAYISI,
                        17     ;R2 -> [ SAYISI,
                        18     ;R3 -> ] SAYISI,
                        19
                        20     BACK:
0018 1200A8             21     LCALL KEYBOARD
001B B44106             22     CJNE A,#'A',DEVAM1
001E 7428               23     MOV A,#'('
0020 08                 24     INC R0
0021 12008A             25     LCALL SEND_DATA
0024 B44206             26     DEVAM1:CJNE A,#'B',DEVAM2
0027 7429               27     MOV A,#')'
0029 09                 28     INC R1
002A 12008A             29     LCALL SEND_DATA
002D B44306             30     DEVAM2:CJNE A,#'C',DEVAM3
0030 745B               31     MOV A,#'['
0032 0A                 32     INC R2
0033 12008A             33     LCALL SEND_DATA
0036 B44406             34     DEVAM3:CJNE A,#'D',DEVAM4
0039 745D               35     MOV A,#']'
003B 0B                 36     INC R3
003C 12008A             37     LCALL SEND_DATA
                        38     DEVAM4:
                        39
003F B423D6             40     CJNE A,#'#', BACK
                        41     ;R0 -> ( SAYISI,
                        42     ;R1 -> ) SAYISI,
                        43     ;R2 -> [ SAYISI,
                        44     ;R3 -> ] SAYISI,
                        45     ;R4 -> STATE TUTULACAK
                        46
0042 74C0               47     MOV A,#0C0H
0044 12007D             48     LCALL SEND_COMMAND
                        49
0047 E8                 50     MOV A,R0
0048 B50106             51     CJNE A,1,HATALI
004B 0C                 52     INC R4
004C 7448               53     MOV A,#'H'
004E 12008A             54     LCALL SEND_DATA
                        55     HATALI:
0051 EA                 56     MOV A,R2
0052 B50306             57     CJNE A,3,HATALI2
0055 0C                 58     INC R4
0056 7444               59     MOV A,#'D'
0058 12008A             60     LCALL SEND_DATA
                        61     HATALI2:
                        62
005B EC                 63     MOV A,R4
005C B40206             64     CJNE A,#2,FINISH
005F 0C                 65     INC R4
0060 7450               66     MOV A,#'P'
0062 12008A             67     LCALL SEND_DATA
                        68     FINISH:
                        69
                        70
0065 020000             71     lJMP START
                        72
                        73
                        74
                        75
                        76
                        77
                        78
                        79     ;----------------------------
                        80     CONFIGURE_LCD:  ;THIS SUBROUTINE SENDS THE INITIALIZATION COMMANDS TO THE LCD
0068 7438               81             mov a,#38H      ;TWO LINES, 5X7 MATRIX
006A 117D               82             acall SEND_COMMAND
006C 740F               83             mov a,#0FH      ;DISPLAY ON, CURSOR BLINKING
006E 117D               84             acall SEND_COMMAND
0070 7406               85             mov a,#06H      ;INCREMENT CURSOR (SHIFT CURSOR TO RIGHT)
0072 117D               86             acall SEND_COMMAND
0074 7401               87             mov a,#01H      ;CLEAR DISPLAY SCREEN
0076 117D               88             acall SEND_COMMAND
0078 7480               89             mov a,#80H      ;FORCE CURSOR TO BEGINNING OF THE FIRST LINE
007A 117D               90             acall SEND_COMMAND
007C 22                 91             ret
                        92
                        93
                        94     SEND_COMMAND:   ;THIS  SUBROUTINE IS FOR SENDING THE COMMANDS TO LCD
007D F590               95             mov p1,a                ;THE COMMAND IS STORED IN A, SEND IT TO LCD
007F C2B5               96             clr p3.5                ;RS=0 BEFORE SENDING COMMAND
0081 C2B6               97             clr p3.6                ;R/W=0 TO WRITE
0083 D2B7               98             setb p3.7       ;SEND A HIGH TO LOW SIGNAL TO ENABLE PIN
0085 1197               99             acall DELAY
0087 C2B7              100             clr p3.7
0089 22                101             ret
                       102
                       103
                       104     SEND_DATA:      ;THIS  SUBROUTINE IS FOR SENDING THE DATA TO BE DISPLAYED
008A F590              105             mov p1,a                ;SEND THE DATA STORED IN A TO LCD
008C D2B5              106             setb p3.5       ;RS=1 BEFORE SENDING DATA
008E C2B6              107             clr p3.6                ;R/W=0 TO WRITE
0090 D2B7              108             setb p3.7       ;SEND A HIGH TO LOW SIGNAL TO ENABLE PIN
0092 1197              109             acall DELAY
0094 C2B7              110             clr p3.7
0096 22                111             ret
                       112
                       113     DELAY:  ;A SHORT DELAY SUBROUTINE
0097 C000              114             push 0
0099 C001              115             push 1
009B 7802              116             mov r0,#2
                       117     DELAY_OUTER_LOOP:
009D 7902              118             mov r1,#2
009F D9FE              119             djnz r1,$
00A1 D8FA              120             djnz r0,DELAY_OUTER_LOOP
00A3 D001              121             pop 1
00A5 D000              122             pop 0
00A7 22                123             ret
                       124
                       125     KEYBOARD: ;takes the key pressed from the keyboard and puts it to A
00A8 7580FF            126             mov     P0, #0ffh       ;makes P0 input
                       127     K1:
00AB 75A000            128             mov     P2, #0  ;ground all rows
00AE E580              129             mov     A, P0
00B0 540F              130             anl     A, #00001111B
00B2 B40FF6            131             cjne    A, #00001111B, K1
                       132     K2:
00B5 1197              133             acall   DELAY
00B7 E580              134             mov     A, P0
00B9 540F              135             anl     A, #00001111B
00BB B40F02            136             cjne    A, #00001111B, KB_OVER
00BE 80F5              137             sjmp    K2
                       138     KB_OVER:
00C0 1197              139             acall DELAY
00C2 E580              140             mov     A, P0
00C4 540F              141             anl     A, #00001111B
00C6 B40F02            142             cjne    A, #00001111B, KB_OVER1
00C9 80EA              143             sjmp    K2
                       144     KB_OVER1:
00CB 75A0FE            145             mov     P2, #11111110B
00CE E580              146             mov     A, P0
00D0 540F              147             anl     A, #00001111B
00D2 B40F21            148             cjne    A, #00001111B, ROW_0
00D5 75A0FD            149             mov     P2, #11111101B
00D8 E580              150             mov     A, P0
00DA 540F              151             anl     A, #00001111B
00DC B40F1C            152             cjne    A, #00001111B, ROW_1
00DF 75A0FB            153             mov     P2, #11111011B
00E2 E580              154             mov     A, P0
00E4 540F              155             anl     A, #00001111B
00E6 B40F17            156             cjne    A, #00001111B, ROW_2
00E9 75A0F7            157             mov     P2, #11110111B
00EC E580              158             mov     A, P0
00EE 540F              159             anl     A, #00001111B
00F0 B40F12            160             cjne    A, #00001111B, ROW_3
00F3 0200B5            161             ljmp    K2
                       162
                       163     ROW_0:
00F6 900111            164             mov     DPTR, #KCODE0
00F9 800D              165             sjmp    KB_FIND
                       166     ROW_1:
00FB 900115            167             mov     DPTR, #KCODE1
00FE 8008              168             sjmp    KB_FIND
                       169     ROW_2:
0100 900119            170             mov     DPTR, #KCODE2
0103 8003              171             sjmp    KB_FIND
                       172     ROW_3:
0105 90011D            173             mov     DPTR, #KCODE3
                       174     KB_FIND:
0108 13                175             rrc     A
0109 5003              176             jnc     KB_MATCH
010B A3                177             inc     DPTR
010C 80FA              178             sjmp    KB_FIND
                       179     KB_MATCH:
010E E4                180             clr     A
010F 93                181             movc    A, @A+DPTR; get ASCII code from the table
0110 22                182             ret
                       183
                       184     ;ASCII look-up table
0111 31323341          185     KCODE0: DB      '1', '2', '3', 'A'
0115 34353642          186     KCODE1: DB      '4', '5', '6', 'B'
0119 37383943          187     KCODE2: DB      '7', '8', '9', 'C'
011D 2A302344          188     KCODE3: DB      '*', '0', '#', 'D'
****WARNING:Missing`END'directive
ASSEMBLY COMPLETE, NO ERRORS FOUND, 1 WARNING


ERROR SUMMARY:
Line 188, WARNING:Missing`END'directive

SYMBOL TABLE:
??MCU_8051_IDE . . . . . . . . . . .  N  NUMB  8051H  NOT USED
??VERSION. . . . . . . . . . . . . .  N  NUMB  0149H  NOT USED
AC . . . . . . . . . . . . . . . . .  B  ADDR  00D6H  NOT USED
ACC. . . . . . . . . . . . . . . . .  D  ADDR  00E0H  NOT USED
ACSR . . . . . . . . . . . . . . . .  D  ADDR  0097H  NOT USED
ADCF . . . . . . . . . . . . . . . .  D  ADDR  00F6H  NOT USED
ADCLK. . . . . . . . . . . . . . . .  D  ADDR  00F2H  NOT USED
ADCON. . . . . . . . . . . . . . . .  D  ADDR  00F3H  NOT USED
ADDH . . . . . . . . . . . . . . . .  D  ADDR  00F5H  NOT USED
ADDL . . . . . . . . . . . . . . . .  D  ADDR  00F4H  NOT USED
AUXR . . . . . . . . . . . . . . . .  D  ADDR  008EH  NOT USED
AUXR1. . . . . . . . . . . . . . . .  D  ADDR  00A2H  NOT USED
B. . . . . . . . . . . . . . . . . .  D  ADDR  00F0H  NOT USED
BACK . . . . . . . . . . . . . . . .  C  ADDR  0018H
BDRCON . . . . . . . . . . . . . . .  D  ADDR  009BH  NOT USED
BDRCON_1 . . . . . . . . . . . . . .  D  ADDR  009CH  NOT USED
BRL. . . . . . . . . . . . . . . . .  D  ADDR  009AH  NOT USED
CCAP0H . . . . . . . . . . . . . . .  D  ADDR  00FAH  NOT USED
CCAP0L . . . . . . . . . . . . . . .  D  ADDR  00EAH  NOT USED
CCAP1H . . . . . . . . . . . . . . .  D  ADDR  00FBH  NOT USED
CCAP1L . . . . . . . . . . . . . . .  D  ADDR  00EBH  NOT USED
CCAP2H . . . . . . . . . . . . . . .  D  ADDR  00FCH  NOT USED
CCAP3H . . . . . . . . . . . . . . .  D  ADDR  00FDH  NOT USED
CCAP4H . . . . . . . . . . . . . . .  D  ADDR  00FEH  NOT USED
CCAPL2H. . . . . . . . . . . . . . .  D  ADDR  00FCH  NOT USED
CCAPL2L. . . . . . . . . . . . . . .  D  ADDR  00ECH  NOT USED
CCAPL3H. . . . . . . . . . . . . . .  D  ADDR  00FDH  NOT USED
CCAPL3L. . . . . . . . . . . . . . .  D  ADDR  00EDH  NOT USED
CCAPL4H. . . . . . . . . . . . . . .  D  ADDR  00FEH  NOT USED
CCAPL4L. . . . . . . . . . . . . . .  D  ADDR  00EEH  NOT USED
CCAPM0 . . . . . . . . . . . . . . .  D  ADDR  00DAH  NOT USED
CCAPM1 . . . . . . . . . . . . . . .  D  ADDR  00DBH  NOT USED
CCAPM2 . . . . . . . . . . . . . . .  D  ADDR  00DCH  NOT USED
CCAPM3 . . . . . . . . . . . . . . .  D  ADDR  00DDH  NOT USED
CCAPM4 . . . . . . . . . . . . . . .  D  ADDR  00DEH  NOT USED
CCF0 . . . . . . . . . . . . . . . .  B  ADDR  00D8H  NOT USED
CCF1 . . . . . . . . . . . . . . . .  B  ADDR  00D9H  NOT USED
CCF2 . . . . . . . . . . . . . . . .  B  ADDR  00DAH  NOT USED
CCF3 . . . . . . . . . . . . . . . .  B  ADDR  00DBH  NOT USED
CCF4 . . . . . . . . . . . . . . . .  B  ADDR  00DCH  NOT USED
CCON . . . . . . . . . . . . . . . .  D  ADDR  00D8H  NOT USED
CFINT. . . . . . . . . . . . . . . .  C  ADDR  0033H  NOT USED
CH . . . . . . . . . . . . . . . . .  D  ADDR  00F9H  NOT USED
CKCON. . . . . . . . . . . . . . . .  D  ADDR  008FH  NOT USED
CKCON0 . . . . . . . . . . . . . . .  D  ADDR  008FH  NOT USED
CKRL . . . . . . . . . . . . . . . .  D  ADDR  0097H  NOT USED
CKSEL. . . . . . . . . . . . . . . .  D  ADDR  0085H  NOT USED
CL . . . . . . . . . . . . . . . . .  D  ADDR  00E9H  NOT USED
CLKREG . . . . . . . . . . . . . . .  D  ADDR  008FH  NOT USED
CMOD . . . . . . . . . . . . . . . .  D  ADDR  00D9H  NOT USED
CONFIGURE_LCD. . . . . . . . . . . .  C  ADDR  0068H
CPRL2. . . . . . . . . . . . . . . .  B  ADDR  00C8H  NOT USED
CR . . . . . . . . . . . . . . . . .  B  ADDR  00DEH  NOT USED
CT2. . . . . . . . . . . . . . . . .  B  ADDR  00C9H  NOT USED
CY . . . . . . . . . . . . . . . . .  B  ADDR  00D7H  NOT USED
DELAY. . . . . . . . . . . . . . . .  C  ADDR  0097H
DELAY_OUTER_LOOP . . . . . . . . . .  C  ADDR  009DH
DEVAM1 . . . . . . . . . . . . . . .  C  ADDR  0024H
DEVAM2 . . . . . . . . . . . . . . .  C  ADDR  002DH
DEVAM3 . . . . . . . . . . . . . . .  C  ADDR  0036H
DEVAM4 . . . . . . . . . . . . . . .  C  ADDR  003FH
DP0H . . . . . . . . . . . . . . . .  D  ADDR  0083H  NOT USED
DP0L . . . . . . . . . . . . . . . .  D  ADDR  0082H  NOT USED
DP1H . . . . . . . . . . . . . . . .  D  ADDR  0085H  NOT USED
DP1L . . . . . . . . . . . . . . . .  D  ADDR  0084H  NOT USED
DPH. . . . . . . . . . . . . . . . .  D  ADDR  0083H  NOT USED
DPL. . . . . . . . . . . . . . . . .  D  ADDR  0082H  NOT USED
EA . . . . . . . . . . . . . . . . .  B  ADDR  00AFH  NOT USED
EC . . . . . . . . . . . . . . . . .  B  ADDR  00AEH  NOT USED
EECON. . . . . . . . . . . . . . . .  D  ADDR  0096H  NOT USED
ES . . . . . . . . . . . . . . . . .  B  ADDR  00ACH  NOT USED
ET0. . . . . . . . . . . . . . . . .  B  ADDR  00A9H  NOT USED
ET1. . . . . . . . . . . . . . . . .  B  ADDR  00ABH  NOT USED
ET2. . . . . . . . . . . . . . . . .  B  ADDR  00ADH  NOT USED
EX0. . . . . . . . . . . . . . . . .  B  ADDR  00A8H  NOT USED
EX1. . . . . . . . . . . . . . . . .  B  ADDR  00AAH  NOT USED
EXEN2. . . . . . . . . . . . . . . .  B  ADDR  00CBH  NOT USED
EXF2 . . . . . . . . . . . . . . . .  B  ADDR  00CEH  NOT USED
EXTI0. . . . . . . . . . . . . . . .  C  ADDR  0003H  NOT USED
EXTI1. . . . . . . . . . . . . . . .  C  ADDR  0013H  NOT USED
F0 . . . . . . . . . . . . . . . . .  B  ADDR  00D5H  NOT USED
FE . . . . . . . . . . . . . . . . .  B  ADDR  009FH  NOT USED
FINISH . . . . . . . . . . . . . . .  C  ADDR  0065H
HATALI . . . . . . . . . . . . . . .  C  ADDR  0051H
HATALI2. . . . . . . . . . . . . . .  C  ADDR  005BH
IE . . . . . . . . . . . . . . . . .  D  ADDR  00A8H  NOT USED
IE0. . . . . . . . . . . . . . . . .  B  ADDR  0089H  NOT USED
IE1. . . . . . . . . . . . . . . . .  B  ADDR  008BH  NOT USED
INT0 . . . . . . . . . . . . . . . .  B  ADDR  00B2H  NOT USED
INT1 . . . . . . . . . . . . . . . .  B  ADDR  00B3H  NOT USED
IP . . . . . . . . . . . . . . . . .  D  ADDR  00B8H  NOT USED
IPH. . . . . . . . . . . . . . . . .  D  ADDR  00B7H  NOT USED
IPH0 . . . . . . . . . . . . . . . .  D  ADDR  00B7H  NOT USED
IPH1 . . . . . . . . . . . . . . . .  D  ADDR  00B3H  NOT USED
IPL0 . . . . . . . . . . . . . . . .  D  ADDR  00B8H  NOT USED
IPL1 . . . . . . . . . . . . . . . .  D  ADDR  00B2H  NOT USED
IT0. . . . . . . . . . . . . . . . .  B  ADDR  0088H  NOT USED
IT1. . . . . . . . . . . . . . . . .  B  ADDR  008AH  NOT USED
K1 . . . . . . . . . . . . . . . . .  C  ADDR  00ABH
K2 . . . . . . . . . . . . . . . . .  C  ADDR  00B5H
KBE. . . . . . . . . . . . . . . . .  D  ADDR  009DH  NOT USED
KBF. . . . . . . . . . . . . . . . .  D  ADDR  009EH  NOT USED
KBLS . . . . . . . . . . . . . . . .  D  ADDR  009CH  NOT USED
KB_FIND. . . . . . . . . . . . . . .  C  ADDR  0108H
KB_MATCH . . . . . . . . . . . . . .  C  ADDR  010EH
KB_OVER. . . . . . . . . . . . . . .  C  ADDR  00C0H
KB_OVER1 . . . . . . . . . . . . . .  C  ADDR  00CBH
KCODE0 . . . . . . . . . . . . . . .  C  ADDR  0111H
KCODE1 . . . . . . . . . . . . . . .  C  ADDR  0115H
KCODE2 . . . . . . . . . . . . . . .  C  ADDR  0119H
KCODE3 . . . . . . . . . . . . . . .  C  ADDR  011DH
KEYBOARD . . . . . . . . . . . . . .  C  ADDR  00A8H
OSCCON . . . . . . . . . . . . . . .  D  ADDR  0086H  NOT USED
OV . . . . . . . . . . . . . . . . .  B  ADDR  00D2H  NOT USED
P. . . . . . . . . . . . . . . . . .  B  ADDR  00D0H  NOT USED
P0 . . . . . . . . . . . . . . . . .  D  ADDR  0080H
P1 . . . . . . . . . . . . . . . . .  D  ADDR  0090H
P1M1 . . . . . . . . . . . . . . . .  D  ADDR  00D4H  NOT USED
P1M2 . . . . . . . . . . . . . . . .  D  ADDR  00E2H  NOT USED
P2 . . . . . . . . . . . . . . . . .  D  ADDR  00A0H
P3 . . . . . . . . . . . . . . . . .  D  ADDR  00B0H
P3M1 . . . . . . . . . . . . . . . .  D  ADDR  00D5H  NOT USED
P3M2 . . . . . . . . . . . . . . . .  D  ADDR  00E3H  NOT USED
P4 . . . . . . . . . . . . . . . . .  D  ADDR  00C0H  NOT USED
P4M1 . . . . . . . . . . . . . . . .  D  ADDR  00D6H  NOT USED
P4M2 . . . . . . . . . . . . . . . .  D  ADDR  00E4H  NOT USED
P5 . . . . . . . . . . . . . . . . .  D  ADDR  00E8H  NOT USED
PC . . . . . . . . . . . . . . . . .  B  ADDR  00BEH  NOT USED
PCON . . . . . . . . . . . . . . . .  D  ADDR  0087H  NOT USED
PPCL . . . . . . . . . . . . . . . .  B  ADDR  00BEH  NOT USED
PS . . . . . . . . . . . . . . . . .  B  ADDR  00BCH  NOT USED
PSL. . . . . . . . . . . . . . . . .  B  ADDR  00BCH  NOT USED
PSW. . . . . . . . . . . . . . . . .  D  ADDR  00D0H  NOT USED
PT0. . . . . . . . . . . . . . . . .  B  ADDR  00B9H  NOT USED
PT0L . . . . . . . . . . . . . . . .  B  ADDR  00B9H  NOT USED
PT1. . . . . . . . . . . . . . . . .  B  ADDR  00BBH  NOT USED
PT1L . . . . . . . . . . . . . . . .  B  ADDR  00BBH  NOT USED
PT2. . . . . . . . . . . . . . . . .  B  ADDR  00BDH  NOT USED
PT2L . . . . . . . . . . . . . . . .  B  ADDR  00BDH  NOT USED
PX0. . . . . . . . . . . . . . . . .  B  ADDR  00B8H  NOT USED
PX0L . . . . . . . . . . . . . . . .  B  ADDR  00B8H  NOT USED
PX1. . . . . . . . . . . . . . . . .  B  ADDR  00BAH  NOT USED
PX1L . . . . . . . . . . . . . . . .  B  ADDR  00BAH  NOT USED
RB8. . . . . . . . . . . . . . . . .  B  ADDR  009AH  NOT USED
RCAP2H . . . . . . . . . . . . . . .  D  ADDR  00CBH  NOT USED
RCAP2L . . . . . . . . . . . . . . .  D  ADDR  00CAH  NOT USED
RCLK . . . . . . . . . . . . . . . .  B  ADDR  00CDH  NOT USED
RD . . . . . . . . . . . . . . . . .  B  ADDR  00B7H  NOT USED
REN. . . . . . . . . . . . . . . . .  B  ADDR  009CH  NOT USED
RESET. . . . . . . . . . . . . . . .  C  ADDR  0000H  NOT USED
RI . . . . . . . . . . . . . . . . .  B  ADDR  0098H  NOT USED
ROW_0. . . . . . . . . . . . . . . .  C  ADDR  00F6H
ROW_1. . . . . . . . . . . . . . . .  C  ADDR  00FBH
ROW_2. . . . . . . . . . . . . . . .  C  ADDR  0100H
ROW_3. . . . . . . . . . . . . . . .  C  ADDR  0105H
RS0. . . . . . . . . . . . . . . . .  B  ADDR  00D3H  NOT USED
RS1. . . . . . . . . . . . . . . . .  B  ADDR  00D4H  NOT USED
RXD. . . . . . . . . . . . . . . . .  B  ADDR  00B0H  NOT USED
SADDR. . . . . . . . . . . . . . . .  D  ADDR  00A9H  NOT USED
SADDR_0. . . . . . . . . . . . . . .  D  ADDR  00A9H  NOT USED
SADDR_1. . . . . . . . . . . . . . .  D  ADDR  00AAH  NOT USED
SADEN. . . . . . . . . . . . . . . .  D  ADDR  00B9H  NOT USED
SADEN_0. . . . . . . . . . . . . . .  D  ADDR  00B9H  NOT USED
SADEN_1. . . . . . . . . . . . . . .  D  ADDR  00BAH  NOT USED
SBUF . . . . . . . . . . . . . . . .  D  ADDR  0099H  NOT USED
SCON . . . . . . . . . . . . . . . .  D  ADDR  0098H  NOT USED
SEND_COMMAND . . . . . . . . . . . .  C  ADDR  007DH
SEND_DATA. . . . . . . . . . . . . .  C  ADDR  008AH
SINT . . . . . . . . . . . . . . . .  C  ADDR  0023H  NOT USED
SM0. . . . . . . . . . . . . . . . .  B  ADDR  009FH  NOT USED
SM1. . . . . . . . . . . . . . . . .  B  ADDR  009EH  NOT USED
SM2. . . . . . . . . . . . . . . . .  B  ADDR  009DH  NOT USED
SP . . . . . . . . . . . . . . . . .  D  ADDR  0081H  NOT USED
SPCON. . . . . . . . . . . . . . . .  D  ADDR  00C3H  NOT USED
SPCR . . . . . . . . . . . . . . . .  D  ADDR  00D5H  NOT USED
SPDAT. . . . . . . . . . . . . . . .  D  ADDR  00C5H  NOT USED
SPDR . . . . . . . . . . . . . . . .  D  ADDR  0086H  NOT USED
SPSR . . . . . . . . . . . . . . . .  D  ADDR  00AAH  NOT USED
SPSTA. . . . . . . . . . . . . . . .  D  ADDR  00C4H  NOT USED
START. . . . . . . . . . . . . . . .  C  ADDR  0000H
T0 . . . . . . . . . . . . . . . . .  B  ADDR  00B4H  NOT USED
T1 . . . . . . . . . . . . . . . . .  B  ADDR  00B5H  NOT USED
T2CON. . . . . . . . . . . . . . . .  D  ADDR  00C8H  NOT USED
T2MOD. . . . . . . . . . . . . . . .  D  ADDR  00C9H  NOT USED
TB8. . . . . . . . . . . . . . . . .  B  ADDR  009BH  NOT USED
TCLK . . . . . . . . . . . . . . . .  B  ADDR  00CCH  NOT USED
TCON . . . . . . . . . . . . . . . .  D  ADDR  0088H  NOT USED
TF0. . . . . . . . . . . . . . . . .  B  ADDR  008DH  NOT USED
TF1. . . . . . . . . . . . . . . . .  B  ADDR  008FH  NOT USED
TF2. . . . . . . . . . . . . . . . .  B  ADDR  00CFH  NOT USED
TH0. . . . . . . . . . . . . . . . .  D  ADDR  008CH  NOT USED
TH1. . . . . . . . . . . . . . . . .  D  ADDR  008DH  NOT USED
TH2. . . . . . . . . . . . . . . . .  D  ADDR  00CDH  NOT USED
TI . . . . . . . . . . . . . . . . .  B  ADDR  0099H  NOT USED
TIMER0 . . . . . . . . . . . . . . .  C  ADDR  000BH  NOT USED
TIMER1 . . . . . . . . . . . . . . .  C  ADDR  001BH  NOT USED
TIMER2 . . . . . . . . . . . . . . .  C  ADDR  002BH  NOT USED
TL0. . . . . . . . . . . . . . . . .  D  ADDR  008AH  NOT USED
TL1. . . . . . . . . . . . . . . . .  D  ADDR  008BH  NOT USED
TL2. . . . . . . . . . . . . . . . .  D  ADDR  00CCH  NOT USED
TMOD . . . . . . . . . . . . . . . .  D  ADDR  0089H  NOT USED
TR0. . . . . . . . . . . . . . . . .  B  ADDR  008CH  NOT USED
TR1. . . . . . . . . . . . . . . . .  B  ADDR  008EH  NOT USED
TR2. . . . . . . . . . . . . . . . .  B  ADDR  00CAH  NOT USED
TXD. . . . . . . . . . . . . . . . .  B  ADDR  00B1H  NOT USED
WDTCON . . . . . . . . . . . . . . .  D  ADDR  00A7H  NOT USED
WDTPRG . . . . . . . . . . . . . . .  D  ADDR  00A7H  NOT USED
WDTRST . . . . . . . . . . . . . . .  D  ADDR  00A6H  NOT USED
WR . . . . . . . . . . . . . . . . .  B  ADDR  00B6H  NOT USED